<?xml version="1.0" encoding="UTF-8"?>
<!-- Generated by org.testng.reporters.JUnitXMLReporter -->
<testsuite ignored="0" hostname="DESKTOP-DJ4FDME" failures="0" tests="2" name="Default test" time="17.322" errors="0" timestamp="2026-01-05T20:59:16 IST">
  <testcase classname="org.wipro.auto.saucedemo.testcases.SignupScenario_DDF" name="tc01_validate_signup_successful_valid_data" time="4.635"/>
  <testcase classname="org.wipro.auto.saucedemo.testcases.SignupScenario_DDF" name="tc01_validate_signup_successful_valid_data" time="5.525"/>
</testsuite> <!-- Default test -->
