<?xml version="1.0" encoding="UTF-8"?>
<!-- Generated by org.testng.reporters.JUnitXMLReporter -->
<testsuite ignored="3" hostname="DESKTOP-DJ4FDME" failures="6" tests="61" name="Test" time="15.954" errors="0" timestamp="2025-12-23T20:49:38 IST">
  <testcase classname="testNGdemo.TestScenario3" name="fifth_testcase" time="0.007"/>
  <testcase classname="testNGdemo.TestScenario3" name="first_testcase" time="0.002"/>
  <testcase classname="testNGdemo.TestScenario3" name="forth_testcase" time="0.001"/>
  <testcase classname="testNGdemo.TestScenario3" name="second_testcase" time="0.015">
    <failure type="java.lang.AssertionError" message="expected [Hello World] but found [Hello]">
      <![CDATA[java.lang.AssertionError: expected [Hello World] but found [Hello]
at testNGdemo.TestScenario3.second_testcase(TestScenario3.java:20)
at java.base/java.util.ArrayList.forEach(ArrayList.java:1596)
... Removed 31 stack frames]]>
    </failure>
  </testcase> <!-- second_testcase -->
  <testcase classname="testNGdemo.TestScenario3" name="sixth_testcase" time="0.004"/>
  <testcase classname="testNGdemo.TestScenario3" name="third_testcase" time="0.003"/>
  <testcase classname="testNGdemo.TestScenario2" name="fifth_testcase" time="0.001">
    <failure type="java.lang.AssertionError" message="expected [Hello World] but found [Hello]">
      <![CDATA[java.lang.AssertionError: expected [Hello World] but found [Hello]
at testNGdemo.TestScenario2.fifth_testcase(TestScenario2.java:41)
at java.base/java.util.ArrayList.forEach(ArrayList.java:1596)
... Removed 31 stack frames]]>
    </failure>
  </testcase> <!-- fifth_testcase -->
  <testcase classname="testNGdemo.TestScenario2" name="first_testcase" time="0.001"/>
  <testcase classname="testNGdemo.TestScenario2" name="second_testcase" time="0.003"/>
  <testcase classname="testNGdemo.TestScenario2" name="sixth_testcase" time="0.002"/>
  <testcase classname="testNGdemo.TestScenario2" name="third_testcase" time="0.001">
    <failure type="java.lang.AssertionError" message="expected [Hello World] but found [Hello]">
      <![CDATA[java.lang.AssertionError: expected [Hello World] but found [Hello]
at testNGdemo.TestScenario2.third_testcase(TestScenario2.java:26)
at java.base/java.util.ArrayList.forEach(ArrayList.java:1596)
... Removed 31 stack frames]]>
    </failure>
  </testcase> <!-- third_testcase -->
  <testcase classname="testNGdemo.TestScenario2" name="forth_testcase" time="0.0">
    <skipped/>
  </testcase> <!-- forth_testcase -->
  <testcase classname="testNGdemo.TestScenario7" name="fifth_testcase" time="0.001">
    <failure type="java.lang.AssertionError" message="expected [Hello World] but found [Hello]">
      <![CDATA[java.lang.AssertionError: expected [Hello World] but found [Hello]
at testNGdemo.TestScenario7.fifth_testcase(TestScenario7.java:37)
at java.base/java.util.ArrayList.forEach(ArrayList.java:1596)
... Removed 31 stack frames]]>
    </failure>
  </testcase> <!-- fifth_testcase -->
  <testcase classname="testNGdemo.TestScenario7" name="first_testcase" time="0.001"/>
  <testcase classname="testNGdemo.TestScenario7" name="forth_testcase" time="0.001"/>
  <testcase classname="testNGdemo.TestScenario7" name="second_testcase" time="0.001"/>
  <testcase classname="testNGdemo.TestScenario7" name="sixth_testcase" time="0.0"/>
  <testcase classname="testNGdemo.TestScenario7" name="third_testcase" time="0.001"/>
  <testcase classname="testNGdemo.TestScenario6" name="fifth_testcase" time="0.0"/>
  <testcase classname="testNGdemo.TestScenario6" name="first_testcase" time="0.001"/>
  <testcase classname="testNGdemo.TestScenario6" name="forth_testcase" time="0.001"/>
  <testcase classname="testNGdemo.TestScenario6" name="second_testcase" time="0.001"/>
  <testcase classname="testNGdemo.TestScenario6" name="sixth_testcase" time="0.001"/>
  <testcase classname="testNGdemo.TestScenario6" name="third_testcase" time="0.001"/>
  <testcase classname="testNGdemo.TestScenario" name="sixth_testcase" time="0.0"/>
  <testcase classname="testNGdemo.TestScenario" name="fifth_testcase" time="0.002"/>
  <testcase classname="testNGdemo.TestScenario" name="forth_testcase" time="0.001"/>
  <testcase classname="testNGdemo.TestScenario" name="first_testcase" time="0.007">
    <failure type="java.lang.AssertionError" message="The following asserts failed:
	expected [Hello World] but found [Hello]">
      <![CDATA[java.lang.AssertionError: The following asserts failed:
expected [Hello World] but found [Hello]
at testNGdemo.TestScenario.first_testcase(TestScenario.java:24)
at java.base/java.util.ArrayList.forEach(ArrayList.java:1596)
... Removed 27 stack frames]]>
    </failure>
  </testcase> <!-- first_testcase -->
  <testcase classname="testNGdemo.TestScenario" name="second_testcase" time="0.001"/>
  <testcase classname="testNGdemo.TestScenario5" name="fifth_testcase" time="0.002"/>
  <testcase classname="testNGdemo.TestScenario5" name="first_testcase" time="0.001"/>
  <testcase classname="testNGdemo.TestScenario5" name="forth_testcase" time="0.002">
    <failure type="java.lang.AssertionError" message="expected [Hello World] but found [Hello]">
      <![CDATA[java.lang.AssertionError: expected [Hello World] but found [Hello]
at testNGdemo.TestScenario5.forth_testcase(TestScenario5.java:32)
at java.base/java.util.ArrayList.forEach(ArrayList.java:1596)
... Removed 31 stack frames]]>
    </failure>
  </testcase> <!-- forth_testcase -->
  <testcase classname="testNGdemo.TestScenario5" name="second_testcase" time="0.001"/>
  <testcase classname="testNGdemo.TestScenario5" name="sixth_testcase" time="0.002"/>
  <testcase classname="testNGdemo.TestScenario5" name="third_testcase" time="0.0"/>
  <testcase classname="testNGdemo.TestScenario4" name="fifth_testcase" time="0.0"/>
  <testcase classname="testNGdemo.TestScenario4" name="first_testcase" time="0.001"/>
  <testcase classname="testNGdemo.TestScenario4" name="forth_testcase" time="0.0"/>
  <testcase classname="testNGdemo.TestScenario4" name="second_testcase" time="0.001"/>
  <testcase classname="testNGdemo.TestScenario4" name="sixth_testcase" time="0.0"/>
  <testcase classname="testNGdemo.TestScenario4" name="third_testcase" time="0.002"/>
  <testcase classname="testNGdemo.TestScenario9" name="fifth_testcase" time="0.001"/>
  <testcase classname="testNGdemo.TestScenario9" name="first_testcase" time="0.001"/>
  <testcase classname="testNGdemo.TestScenario9" name="forth_testcase" time="0.001"/>
  <testcase classname="testNGdemo.TestScenario9" name="second_testcase" time="0.001"/>
  <testcase classname="testNGdemo.TestScenario9" name="sixth_testcase" time="0.002"/>
  <testcase classname="testNGdemo.TestScenario9" name="third_testcase" time="0.001"/>
  <testcase classname="testNGdemo.TestScenario8" name="fifth_testcase" time="0.001"/>
  <testcase classname="testNGdemo.TestScenario8" name="first_testcase" time="0.001"/>
  <testcase classname="testNGdemo.TestScenario8" name="forth_testcase" time="0.001"/>
  <testcase classname="testNGdemo.TestScenario8" name="second_testcase" time="0.001"/>
  <testcase classname="testNGdemo.TestScenario8" name="sixth_testcase" time="0.001"/>
  <testcase classname="testNGdemo.TestScenario8" name="third_testcase" time="0.0"/>
  <testcase classname="testNGdemo.TestScenario10" name="fifth_testcase" time="0.0"/>
  <testcase classname="testNGdemo.TestScenario10" name="first_testcase" time="0.001"/>
  <testcase classname="testNGdemo.TestScenario10" name="forth_testcase" time="0.001"/>
  <testcase classname="testNGdemo.TestScenario10" name="second_testcase" time="0.0"/>
  <testcase classname="testNGdemo.TestScenario10" name="sixth_testcase" time="0.0"/>
  <testcase classname="testNGdemo.TestScenario10" name="third_testcase" time="0.0"/>
  <testcase classname="org.xyz.automation.sd.KeyboardMouse" name="handleAlerts" time="8.497"/>
  <testcase classname="org.xyz.automation.sd.KeyboardMouse" name="handleFrames" time="7.188"/>
  <testcase classname="org.xyz.automation.sd.KeyboardMouse" name="handlemouse" time="0.0">
    <ignored/>
  </testcase> <!-- handlemouse -->
  <testcase classname="org.xyz.automation.sd.KeyboardMouse" name="handleKeyboard" time="0.0">
    <ignored/>
  </testcase> <!-- handleKeyboard -->
  <testcase classname="testNGdemo.TestScenario" name="third_testcase" time="0.0">
    <ignored/>
  </testcase> <!-- third_testcase -->
</testsuite> <!-- Test -->
