<html>
<head>
<title>TestNG:  Test</title>
<link href="../testng.css" rel="stylesheet" type="text/css" />
<link href="../my-testng.css" rel="stylesheet" type="text/css" />

<style type="text/css">
.log { display: none;} 
.stack-trace { display: none;} 
</style>
<script type="text/javascript">
<!--
function flip(e) {
  current = e.style.display;
  if (current == 'block') {
    e.style.display = 'none';
    return 0;
  }
  else {
    e.style.display = 'block';
    return 1;
  }
}

function toggleBox(szDivId, elem, msg1, msg2)
{
  var res = -1;  if (document.getElementById) {
    res = flip(document.getElementById(szDivId));
  }
  else if (document.all) {
    // this is the way old msie versions work
    res = flip(document.all[szDivId]);
  }
  if(elem) {
    if(res == 0) elem.innerHTML = msg1; else elem.innerHTML = msg2;
  }

}

function toggleAllBoxes() {
  if (document.getElementsByTagName) {
    d = document.getElementsByTagName('div');
    for (i = 0; i < d.length; i++) {
      if (d[i].className == 'log') {
        flip(d[i]);
      }
    }
  }
}

// -->
</script>

</head>
<body>
<h2 align='center'>Test</h2><table border='1' align="center">
<tr>
<td>Tests passed/Failed/Skipped:</td><td>54/6/1</td>
</tr><tr>
<td>Started on:</td><td>Tue Dec 23 20:49:22 IST 2025</td>
</tr>
<tr><td>Total time:</td><td>15 seconds (15954 ms)</td>
</tr><tr>
<td>Included groups:</td><td></td>
</tr><tr>
<td>Excluded groups:</td><td></td>
</tr>
</table><p/>
<small><i>(Hover the method name to see the test class name)</i></small><p/>
<table width='100%' border='1' class='invocation-failed'>
<tr><td colspan='4' align='center'><b>FAILED TESTS</b></td></tr>
<tr><td><b>Test method</b></td>
<td><b>Attribute(s)</b></td>
<td width="30%"><b>Exception</b></td>
<td width="10%"><b>Time (seconds)</b></td>
<td><b>Instance</b></td>
</tr>
<tr>
<td title='testNGdemo.TestScenario3.second_testcase()'><b>second_testcase</b><br>Test class: testNGdemo.TestScenario3</td>
<td><div><pre>java.lang.AssertionError: expected [Hello World] but found [Hello]
	at testNGdemo.TestScenario3.second_testcase(TestScenario3.java:20)
	at java.base/java.util.ArrayList.forEach(ArrayList.java:1596)
... Removed 31 stack frames</pre></div><a href='#' onClick='toggleBox("stack-trace65586123", this, "Click to show all stack frames", "Click to hide stack frames")'>Click to show all stack frames</a>
<div class='stack-trace' id='stack-trace65586123'><pre>java.lang.AssertionError: expected [Hello World] but found [Hello]
	at org.testng.Assert.fail(Assert.java:111)
	at org.testng.Assert.failNotEquals(Assert.java:1590)
	at org.testng.Assert.assertEqualsImpl(Assert.java:150)
	at org.testng.Assert.assertEquals(Assert.java:132)
	at org.testng.Assert.assertEquals(Assert.java:656)
	at org.testng.Assert.assertEquals(Assert.java:666)
	at testNGdemo.TestScenario3.second_testcase(TestScenario3.java:20)
	at java.base/jdk.internal.reflect.DirectMethodHandleAccessor.invoke(DirectMethodHandleAccessor.java:103)
	at java.base/java.lang.reflect.Method.invoke(Method.java:580)
	at org.testng.internal.invokers.MethodInvocationHelper.invokeMethod(MethodInvocationHelper.java:141)
	at org.testng.internal.invokers.TestInvoker.invokeMethod(TestInvoker.java:687)
	at org.testng.internal.invokers.TestInvoker.invokeTestMethod(TestInvoker.java:230)
	at org.testng.internal.invokers.MethodRunner.runInSequence(MethodRunner.java:63)
	at org.testng.internal.invokers.TestInvoker$MethodInvocationAgent.invoke(TestInvoker.java:995)
	at org.testng.internal.invokers.TestInvoker.invokeTestMethods(TestInvoker.java:203)
	at org.testng.internal.invokers.TestMethodWorker.invokeTestMethods(TestMethodWorker.java:154)
	at org.testng.internal.invokers.TestMethodWorker.run(TestMethodWorker.java:134)
	at java.base/java.util.ArrayList.forEach(ArrayList.java:1596)
	at org.testng.TestRunner.privateRun(TestRunner.java:741)
	at org.testng.TestRunner.run(TestRunner.java:616)
	at org.testng.SuiteRunner.runTest(SuiteRunner.java:421)
	at org.testng.SuiteRunner.runSequentially(SuiteRunner.java:413)
	at org.testng.SuiteRunner.privateRun(SuiteRunner.java:373)
	at org.testng.SuiteRunner.run(SuiteRunner.java:312)
	at org.testng.SuiteRunnerWorker.runSuite(SuiteRunnerWorker.java:52)
	at org.testng.SuiteRunnerWorker.run(SuiteRunnerWorker.java:95)
	at org.testng.TestNG.runSuitesSequentially(TestNG.java:1274)
	at org.testng.TestNG.runSuitesLocally(TestNG.java:1208)
	at org.testng.TestNG.runSuites(TestNG.java:1112)
	at org.testng.TestNG.run(TestNG.java:1079)
	at org.testng.remote.AbstractRemoteTestNG.run(AbstractRemoteTestNG.java:115)
	at org.testng.remote.RemoteTestNG.initAndRun(RemoteTestNG.java:293)
	at org.testng.remote.RemoteTestNG.main(RemoteTestNG.java:91)
</pre></div></td>
<td>0</td>
<td>testNGdemo.TestScenario3@6bf0219d</td></tr>
<tr>
<td title='testNGdemo.TestScenario2.third_testcase()'><b>third_testcase</b><br>Test class: testNGdemo.TestScenario2</td>
<td><div><pre>java.lang.AssertionError: expected [Hello World] but found [Hello]
	at testNGdemo.TestScenario2.third_testcase(TestScenario2.java:26)
	at java.base/java.util.ArrayList.forEach(ArrayList.java:1596)
... Removed 31 stack frames</pre></div><a href='#' onClick='toggleBox("stack-trace1258372214", this, "Click to show all stack frames", "Click to hide stack frames")'>Click to show all stack frames</a>
<div class='stack-trace' id='stack-trace1258372214'><pre>java.lang.AssertionError: expected [Hello World] but found [Hello]
	at org.testng.Assert.fail(Assert.java:111)
	at org.testng.Assert.failNotEquals(Assert.java:1590)
	at org.testng.Assert.assertEqualsImpl(Assert.java:150)
	at org.testng.Assert.assertEquals(Assert.java:132)
	at org.testng.Assert.assertEquals(Assert.java:656)
	at org.testng.Assert.assertEquals(Assert.java:666)
	at testNGdemo.TestScenario2.third_testcase(TestScenario2.java:26)
	at java.base/jdk.internal.reflect.DirectMethodHandleAccessor.invoke(DirectMethodHandleAccessor.java:103)
	at java.base/java.lang.reflect.Method.invoke(Method.java:580)
	at org.testng.internal.invokers.MethodInvocationHelper.invokeMethod(MethodInvocationHelper.java:141)
	at org.testng.internal.invokers.TestInvoker.invokeMethod(TestInvoker.java:687)
	at org.testng.internal.invokers.TestInvoker.invokeTestMethod(TestInvoker.java:230)
	at org.testng.internal.invokers.MethodRunner.runInSequence(MethodRunner.java:63)
	at org.testng.internal.invokers.TestInvoker$MethodInvocationAgent.invoke(TestInvoker.java:995)
	at org.testng.internal.invokers.TestInvoker.invokeTestMethods(TestInvoker.java:203)
	at org.testng.internal.invokers.TestMethodWorker.invokeTestMethods(TestMethodWorker.java:154)
	at org.testng.internal.invokers.TestMethodWorker.run(TestMethodWorker.java:134)
	at java.base/java.util.ArrayList.forEach(ArrayList.java:1596)
	at org.testng.TestRunner.privateRun(TestRunner.java:741)
	at org.testng.TestRunner.run(TestRunner.java:616)
	at org.testng.SuiteRunner.runTest(SuiteRunner.java:421)
	at org.testng.SuiteRunner.runSequentially(SuiteRunner.java:413)
	at org.testng.SuiteRunner.privateRun(SuiteRunner.java:373)
	at org.testng.SuiteRunner.run(SuiteRunner.java:312)
	at org.testng.SuiteRunnerWorker.runSuite(SuiteRunnerWorker.java:52)
	at org.testng.SuiteRunnerWorker.run(SuiteRunnerWorker.java:95)
	at org.testng.TestNG.runSuitesSequentially(TestNG.java:1274)
	at org.testng.TestNG.runSuitesLocally(TestNG.java:1208)
	at org.testng.TestNG.runSuites(TestNG.java:1112)
	at org.testng.TestNG.run(TestNG.java:1079)
	at org.testng.remote.AbstractRemoteTestNG.run(AbstractRemoteTestNG.java:115)
	at org.testng.remote.RemoteTestNG.initAndRun(RemoteTestNG.java:293)
	at org.testng.remote.RemoteTestNG.main(RemoteTestNG.java:91)
</pre></div></td>
<td>0</td>
<td>testNGdemo.TestScenario2@55f616cf</td></tr>
<tr>
<td title='testNGdemo.TestScenario2.fifth_testcase()'><b>fifth_testcase</b><br>Test class: testNGdemo.TestScenario2</td>
<td><div><pre>java.lang.AssertionError: expected [Hello World] but found [Hello]
	at testNGdemo.TestScenario2.fifth_testcase(TestScenario2.java:41)
	at java.base/java.util.ArrayList.forEach(ArrayList.java:1596)
... Removed 31 stack frames</pre></div><a href='#' onClick='toggleBox("stack-trace1489743810", this, "Click to show all stack frames", "Click to hide stack frames")'>Click to show all stack frames</a>
<div class='stack-trace' id='stack-trace1489743810'><pre>java.lang.AssertionError: expected [Hello World] but found [Hello]
	at org.testng.Assert.fail(Assert.java:111)
	at org.testng.Assert.failNotEquals(Assert.java:1590)
	at org.testng.Assert.assertEqualsImpl(Assert.java:150)
	at org.testng.Assert.assertEquals(Assert.java:132)
	at org.testng.Assert.assertEquals(Assert.java:656)
	at org.testng.Assert.assertEquals(Assert.java:666)
	at testNGdemo.TestScenario2.fifth_testcase(TestScenario2.java:41)
	at java.base/jdk.internal.reflect.DirectMethodHandleAccessor.invoke(DirectMethodHandleAccessor.java:103)
	at java.base/java.lang.reflect.Method.invoke(Method.java:580)
	at org.testng.internal.invokers.MethodInvocationHelper.invokeMethod(MethodInvocationHelper.java:141)
	at org.testng.internal.invokers.TestInvoker.invokeMethod(TestInvoker.java:687)
	at org.testng.internal.invokers.TestInvoker.invokeTestMethod(TestInvoker.java:230)
	at org.testng.internal.invokers.MethodRunner.runInSequence(MethodRunner.java:63)
	at org.testng.internal.invokers.TestInvoker$MethodInvocationAgent.invoke(TestInvoker.java:995)
	at org.testng.internal.invokers.TestInvoker.invokeTestMethods(TestInvoker.java:203)
	at org.testng.internal.invokers.TestMethodWorker.invokeTestMethods(TestMethodWorker.java:154)
	at org.testng.internal.invokers.TestMethodWorker.run(TestMethodWorker.java:134)
	at java.base/java.util.ArrayList.forEach(ArrayList.java:1596)
	at org.testng.TestRunner.privateRun(TestRunner.java:741)
	at org.testng.TestRunner.run(TestRunner.java:616)
	at org.testng.SuiteRunner.runTest(SuiteRunner.java:421)
	at org.testng.SuiteRunner.runSequentially(SuiteRunner.java:413)
	at org.testng.SuiteRunner.privateRun(SuiteRunner.java:373)
	at org.testng.SuiteRunner.run(SuiteRunner.java:312)
	at org.testng.SuiteRunnerWorker.runSuite(SuiteRunnerWorker.java:52)
	at org.testng.SuiteRunnerWorker.run(SuiteRunnerWorker.java:95)
	at org.testng.TestNG.runSuitesSequentially(TestNG.java:1274)
	at org.testng.TestNG.runSuitesLocally(TestNG.java:1208)
	at org.testng.TestNG.runSuites(TestNG.java:1112)
	at org.testng.TestNG.run(TestNG.java:1079)
	at org.testng.remote.AbstractRemoteTestNG.run(AbstractRemoteTestNG.java:115)
	at org.testng.remote.RemoteTestNG.initAndRun(RemoteTestNG.java:293)
	at org.testng.remote.RemoteTestNG.main(RemoteTestNG.java:91)
</pre></div></td>
<td>0</td>
<td>testNGdemo.TestScenario2@55f616cf</td></tr>
<tr>
<td title='testNGdemo.TestScenario5.forth_testcase()'><b>forth_testcase</b><br>Test class: testNGdemo.TestScenario5</td>
<td><div><pre>java.lang.AssertionError: expected [Hello World] but found [Hello]
	at testNGdemo.TestScenario5.forth_testcase(TestScenario5.java:32)
	at java.base/java.util.ArrayList.forEach(ArrayList.java:1596)
... Removed 31 stack frames</pre></div><a href='#' onClick='toggleBox("stack-trace91912419", this, "Click to show all stack frames", "Click to hide stack frames")'>Click to show all stack frames</a>
<div class='stack-trace' id='stack-trace91912419'><pre>java.lang.AssertionError: expected [Hello World] but found [Hello]
	at org.testng.Assert.fail(Assert.java:111)
	at org.testng.Assert.failNotEquals(Assert.java:1590)
	at org.testng.Assert.assertEqualsImpl(Assert.java:150)
	at org.testng.Assert.assertEquals(Assert.java:132)
	at org.testng.Assert.assertEquals(Assert.java:656)
	at org.testng.Assert.assertEquals(Assert.java:666)
	at testNGdemo.TestScenario5.forth_testcase(TestScenario5.java:32)
	at java.base/jdk.internal.reflect.DirectMethodHandleAccessor.invoke(DirectMethodHandleAccessor.java:103)
	at java.base/java.lang.reflect.Method.invoke(Method.java:580)
	at org.testng.internal.invokers.MethodInvocationHelper.invokeMethod(MethodInvocationHelper.java:141)
	at org.testng.internal.invokers.TestInvoker.invokeMethod(TestInvoker.java:687)
	at org.testng.internal.invokers.TestInvoker.invokeTestMethod(TestInvoker.java:230)
	at org.testng.internal.invokers.MethodRunner.runInSequence(MethodRunner.java:63)
	at org.testng.internal.invokers.TestInvoker$MethodInvocationAgent.invoke(TestInvoker.java:995)
	at org.testng.internal.invokers.TestInvoker.invokeTestMethods(TestInvoker.java:203)
	at org.testng.internal.invokers.TestMethodWorker.invokeTestMethods(TestMethodWorker.java:154)
	at org.testng.internal.invokers.TestMethodWorker.run(TestMethodWorker.java:134)
	at java.base/java.util.ArrayList.forEach(ArrayList.java:1596)
	at org.testng.TestRunner.privateRun(TestRunner.java:741)
	at org.testng.TestRunner.run(TestRunner.java:616)
	at org.testng.SuiteRunner.runTest(SuiteRunner.java:421)
	at org.testng.SuiteRunner.runSequentially(SuiteRunner.java:413)
	at org.testng.SuiteRunner.privateRun(SuiteRunner.java:373)
	at org.testng.SuiteRunner.run(SuiteRunner.java:312)
	at org.testng.SuiteRunnerWorker.runSuite(SuiteRunnerWorker.java:52)
	at org.testng.SuiteRunnerWorker.run(SuiteRunnerWorker.java:95)
	at org.testng.TestNG.runSuitesSequentially(TestNG.java:1274)
	at org.testng.TestNG.runSuitesLocally(TestNG.java:1208)
	at org.testng.TestNG.runSuites(TestNG.java:1112)
	at org.testng.TestNG.run(TestNG.java:1079)
	at org.testng.remote.AbstractRemoteTestNG.run(AbstractRemoteTestNG.java:115)
	at org.testng.remote.RemoteTestNG.initAndRun(RemoteTestNG.java:293)
	at org.testng.remote.RemoteTestNG.main(RemoteTestNG.java:91)
</pre></div></td>
<td>0</td>
<td>testNGdemo.TestScenario5@6497b078</td></tr>
<tr>
<td title='testNGdemo.TestScenario7.fifth_testcase()'><b>fifth_testcase</b><br>Test class: testNGdemo.TestScenario7</td>
<td><div><pre>java.lang.AssertionError: expected [Hello World] but found [Hello]
	at testNGdemo.TestScenario7.fifth_testcase(TestScenario7.java:37)
	at java.base/java.util.ArrayList.forEach(ArrayList.java:1596)
... Removed 31 stack frames</pre></div><a href='#' onClick='toggleBox("stack-trace402249858", this, "Click to show all stack frames", "Click to hide stack frames")'>Click to show all stack frames</a>
<div class='stack-trace' id='stack-trace402249858'><pre>java.lang.AssertionError: expected [Hello World] but found [Hello]
	at org.testng.Assert.fail(Assert.java:111)
	at org.testng.Assert.failNotEquals(Assert.java:1590)
	at org.testng.Assert.assertEqualsImpl(Assert.java:150)
	at org.testng.Assert.assertEquals(Assert.java:132)
	at org.testng.Assert.assertEquals(Assert.java:656)
	at org.testng.Assert.assertEquals(Assert.java:666)
	at testNGdemo.TestScenario7.fifth_testcase(TestScenario7.java:37)
	at java.base/jdk.internal.reflect.DirectMethodHandleAccessor.invoke(DirectMethodHandleAccessor.java:103)
	at java.base/java.lang.reflect.Method.invoke(Method.java:580)
	at org.testng.internal.invokers.MethodInvocationHelper.invokeMethod(MethodInvocationHelper.java:141)
	at org.testng.internal.invokers.TestInvoker.invokeMethod(TestInvoker.java:687)
	at org.testng.internal.invokers.TestInvoker.invokeTestMethod(TestInvoker.java:230)
	at org.testng.internal.invokers.MethodRunner.runInSequence(MethodRunner.java:63)
	at org.testng.internal.invokers.TestInvoker$MethodInvocationAgent.invoke(TestInvoker.java:995)
	at org.testng.internal.invokers.TestInvoker.invokeTestMethods(TestInvoker.java:203)
	at org.testng.internal.invokers.TestMethodWorker.invokeTestMethods(TestMethodWorker.java:154)
	at org.testng.internal.invokers.TestMethodWorker.run(TestMethodWorker.java:134)
	at java.base/java.util.ArrayList.forEach(ArrayList.java:1596)
	at org.testng.TestRunner.privateRun(TestRunner.java:741)
	at org.testng.TestRunner.run(TestRunner.java:616)
	at org.testng.SuiteRunner.runTest(SuiteRunner.java:421)
	at org.testng.SuiteRunner.runSequentially(SuiteRunner.java:413)
	at org.testng.SuiteRunner.privateRun(SuiteRunner.java:373)
	at org.testng.SuiteRunner.run(SuiteRunner.java:312)
	at org.testng.SuiteRunnerWorker.runSuite(SuiteRunnerWorker.java:52)
	at org.testng.SuiteRunnerWorker.run(SuiteRunnerWorker.java:95)
	at org.testng.TestNG.runSuitesSequentially(TestNG.java:1274)
	at org.testng.TestNG.runSuitesLocally(TestNG.java:1208)
	at org.testng.TestNG.runSuites(TestNG.java:1112)
	at org.testng.TestNG.run(TestNG.java:1079)
	at org.testng.remote.AbstractRemoteTestNG.run(AbstractRemoteTestNG.java:115)
	at org.testng.remote.RemoteTestNG.initAndRun(RemoteTestNG.java:293)
	at org.testng.remote.RemoteTestNG.main(RemoteTestNG.java:91)
</pre></div></td>
<td>0</td>
<td>testNGdemo.TestScenario7@1356d4d4</td></tr>
<tr>
<td title='testNGdemo.TestScenario.first_testcase()'><b>first_testcase</b><br>Test class: testNGdemo.TestScenario</td>
<td><div><pre>java.lang.AssertionError: The following asserts failed:
	expected [Hello World] but found [Hello]
	at testNGdemo.TestScenario.first_testcase(TestScenario.java:24)
	at java.base/java.util.ArrayList.forEach(ArrayList.java:1596)
... Removed 27 stack frames</pre></div><a href='#' onClick='toggleBox("stack-trace443934570", this, "Click to show all stack frames", "Click to hide stack frames")'>Click to show all stack frames</a>
<div class='stack-trace' id='stack-trace443934570'><pre>java.lang.AssertionError: The following asserts failed:
	expected [Hello World] but found [Hello]
	at org.testng.asserts.SoftAssert.assertAll(SoftAssert.java:46)
	at org.testng.asserts.SoftAssert.assertAll(SoftAssert.java:30)
	at testNGdemo.TestScenario.first_testcase(TestScenario.java:24)
	at java.base/jdk.internal.reflect.DirectMethodHandleAccessor.invoke(DirectMethodHandleAccessor.java:103)
	at java.base/java.lang.reflect.Method.invoke(Method.java:580)
	at org.testng.internal.invokers.MethodInvocationHelper.invokeMethod(MethodInvocationHelper.java:141)
	at org.testng.internal.invokers.TestInvoker.invokeMethod(TestInvoker.java:687)
	at org.testng.internal.invokers.TestInvoker.invokeTestMethod(TestInvoker.java:230)
	at org.testng.internal.invokers.MethodRunner.runInSequence(MethodRunner.java:63)
	at org.testng.internal.invokers.TestInvoker$MethodInvocationAgent.invoke(TestInvoker.java:995)
	at org.testng.internal.invokers.TestInvoker.invokeTestMethods(TestInvoker.java:203)
	at org.testng.internal.invokers.TestMethodWorker.invokeTestMethods(TestMethodWorker.java:154)
	at org.testng.internal.invokers.TestMethodWorker.run(TestMethodWorker.java:134)
	at java.base/java.util.ArrayList.forEach(ArrayList.java:1596)
	at org.testng.TestRunner.privateRun(TestRunner.java:741)
	at org.testng.TestRunner.run(TestRunner.java:616)
	at org.testng.SuiteRunner.runTest(SuiteRunner.java:421)
	at org.testng.SuiteRunner.runSequentially(SuiteRunner.java:413)
	at org.testng.SuiteRunner.privateRun(SuiteRunner.java:373)
	at org.testng.SuiteRunner.run(SuiteRunner.java:312)
	at org.testng.SuiteRunnerWorker.runSuite(SuiteRunnerWorker.java:52)
	at org.testng.SuiteRunnerWorker.run(SuiteRunnerWorker.java:95)
	at org.testng.TestNG.runSuitesSequentially(TestNG.java:1274)
	at org.testng.TestNG.runSuitesLocally(TestNG.java:1208)
	at org.testng.TestNG.runSuites(TestNG.java:1112)
	at org.testng.TestNG.run(TestNG.java:1079)
	at org.testng.remote.AbstractRemoteTestNG.run(AbstractRemoteTestNG.java:115)
	at org.testng.remote.RemoteTestNG.initAndRun(RemoteTestNG.java:293)
	at org.testng.remote.RemoteTestNG.main(RemoteTestNG.java:91)
</pre></div></td>
<td>0</td>
<td>testNGdemo.TestScenario@1329eff</td></tr>
</table><p>
<table width='100%' border='1' class='invocation-passed'>
<tr><td colspan='4' align='center'><b>PASSED TESTS</b></td></tr>
<tr><td><b>Test method</b></td>
<td><b>Attribute(s)</b></td>
<td width="30%"><b>Exception</b></td>
<td width="10%"><b>Time (seconds)</b></td>
<td><b>Instance</b></td>
</tr>
<tr>
<td title='testNGdemo.TestScenario3.third_testcase()'><b>third_testcase</b><br>Test class: testNGdemo.TestScenario3</td>
<td></td>
<td>0</td>
<td>testNGdemo.TestScenario3@6bf0219d</td></tr>
<tr>
<td title='testNGdemo.TestScenario.second_testcase()'><b>second_testcase</b><br>Test class: testNGdemo.TestScenario</td>
<td></td>
<td>0</td>
<td>testNGdemo.TestScenario@1329eff</td></tr>
<tr>
<td title='testNGdemo.TestScenario5.first_testcase()'><b>first_testcase</b><br>Test class: testNGdemo.TestScenario5</td>
<td></td>
<td>0</td>
<td>testNGdemo.TestScenario5@6497b078</td></tr>
<tr>
<td title='testNGdemo.TestScenario4.first_testcase()'><b>first_testcase</b><br>Test class: testNGdemo.TestScenario4</td>
<td></td>
<td>0</td>
<td>testNGdemo.TestScenario4@41c2284a</td></tr>
<tr>
<td title='testNGdemo.TestScenario8.sixth_testcase()'><b>sixth_testcase</b><br>Test class: testNGdemo.TestScenario8</td>
<td></td>
<td>0</td>
<td>testNGdemo.TestScenario8@46fa7c39</td></tr>
<tr>
<td title='testNGdemo.TestScenario7.second_testcase()'><b>second_testcase</b><br>Test class: testNGdemo.TestScenario7</td>
<td></td>
<td>0</td>
<td>testNGdemo.TestScenario7@1356d4d4</td></tr>
<tr>
<td title='testNGdemo.TestScenario3.fifth_testcase()'><b>fifth_testcase</b><br>Test class: testNGdemo.TestScenario3</td>
<td></td>
<td>0</td>
<td>testNGdemo.TestScenario3@6bf0219d</td></tr>
<tr>
<td title='testNGdemo.TestScenario3.first_testcase()'><b>first_testcase</b><br>Test class: testNGdemo.TestScenario3</td>
<td></td>
<td>0</td>
<td>testNGdemo.TestScenario3@6bf0219d</td></tr>
<tr>
<td title='testNGdemo.TestScenario.sixth_testcase()'><b>sixth_testcase</b><br>Test class: testNGdemo.TestScenario</td>
<td></td>
<td>0</td>
<td>testNGdemo.TestScenario@1329eff</td></tr>
<tr>
<td title='testNGdemo.TestScenario6.first_testcase()'><b>first_testcase</b><br>Test class: testNGdemo.TestScenario6</td>
<td></td>
<td>0</td>
<td>testNGdemo.TestScenario6@c03cf28</td></tr>
<tr>
<td title='testNGdemo.TestScenario10.third_testcase()'><b>third_testcase</b><br>Test class: testNGdemo.TestScenario10</td>
<td></td>
<td>0</td>
<td>testNGdemo.TestScenario10@1fb700ee</td></tr>
<tr>
<td title='testNGdemo.TestScenario2.first_testcase()'><b>first_testcase</b><br>Test class: testNGdemo.TestScenario2</td>
<td></td>
<td>0</td>
<td>testNGdemo.TestScenario2@55f616cf</td></tr>
<tr>
<td title='testNGdemo.TestScenario4.third_testcase()'><b>third_testcase</b><br>Test class: testNGdemo.TestScenario4</td>
<td></td>
<td>0</td>
<td>testNGdemo.TestScenario4@41c2284a</td></tr>
<tr>
<td title='org.xyz.automation.sd.KeyboardMouse.handleAlerts()'><b>handleAlerts</b><br>Test class: org.xyz.automation.sd.KeyboardMouse</td>
<td></td>
<td>8</td>
<td>org.xyz.automation.sd.KeyboardMouse@4f67eb2a</td></tr>
<tr>
<td title='testNGdemo.TestScenario4.fifth_testcase()'><b>fifth_testcase</b><br>Test class: testNGdemo.TestScenario4</td>
<td></td>
<td>0</td>
<td>testNGdemo.TestScenario4@41c2284a</td></tr>
<tr>
<td title='testNGdemo.TestScenario3.forth_testcase()'><b>forth_testcase</b><br>Test class: testNGdemo.TestScenario3</td>
<td></td>
<td>0</td>
<td>testNGdemo.TestScenario3@6bf0219d</td></tr>
<tr>
<td title='testNGdemo.TestScenario.forth_testcase()'><b>forth_testcase</b><br>Test class: testNGdemo.TestScenario</td>
<td></td>
<td>0</td>
<td>testNGdemo.TestScenario@1329eff</td></tr>
<tr>
<td title='testNGdemo.TestScenario6.forth_testcase()'><b>forth_testcase</b><br>Test class: testNGdemo.TestScenario6</td>
<td></td>
<td>0</td>
<td>testNGdemo.TestScenario6@c03cf28</td></tr>
<tr>
<td title='testNGdemo.TestScenario5.second_testcase()'><b>second_testcase</b><br>Test class: testNGdemo.TestScenario5</td>
<td></td>
<td>0</td>
<td>testNGdemo.TestScenario5@6497b078</td></tr>
<tr>
<td title='testNGdemo.TestScenario7.forth_testcase()'><b>forth_testcase</b><br>Test class: testNGdemo.TestScenario7</td>
<td></td>
<td>0</td>
<td>testNGdemo.TestScenario7@1356d4d4</td></tr>
<tr>
<td title='testNGdemo.TestScenario5.fifth_testcase()'><b>fifth_testcase</b><br>Test class: testNGdemo.TestScenario5</td>
<td></td>
<td>0</td>
<td>testNGdemo.TestScenario5@6497b078</td></tr>
<tr>
<td title='testNGdemo.TestScenario7.sixth_testcase()'><b>sixth_testcase</b><br>Test class: testNGdemo.TestScenario7</td>
<td></td>
<td>0</td>
<td>testNGdemo.TestScenario7@1356d4d4</td></tr>
<tr>
<td title='testNGdemo.TestScenario10.first_testcase()'><b>first_testcase</b><br>Test class: testNGdemo.TestScenario10</td>
<td></td>
<td>0</td>
<td>testNGdemo.TestScenario10@1fb700ee</td></tr>
<tr>
<td title='testNGdemo.TestScenario6.third_testcase()'><b>third_testcase</b><br>Test class: testNGdemo.TestScenario6</td>
<td></td>
<td>0</td>
<td>testNGdemo.TestScenario6@c03cf28</td></tr>
<tr>
<td title='testNGdemo.TestScenario2.second_testcase()'><b>second_testcase</b><br>Test class: testNGdemo.TestScenario2</td>
<td></td>
<td>0</td>
<td>testNGdemo.TestScenario2@55f616cf</td></tr>
<tr>
<td title='testNGdemo.TestScenario4.sixth_testcase()'><b>sixth_testcase</b><br>Test class: testNGdemo.TestScenario4</td>
<td></td>
<td>0</td>
<td>testNGdemo.TestScenario4@41c2284a</td></tr>
<tr>
<td title='org.xyz.automation.sd.KeyboardMouse.handleFrames()'><b>handleFrames</b><br>Test class: org.xyz.automation.sd.KeyboardMouse</td>
<td></td>
<td>7</td>
<td>org.xyz.automation.sd.KeyboardMouse@4f67eb2a</td></tr>
<tr>
<td title='testNGdemo.TestScenario2.sixth_testcase()'><b>sixth_testcase</b><br>Test class: testNGdemo.TestScenario2</td>
<td></td>
<td>0</td>
<td>testNGdemo.TestScenario2@55f616cf</td></tr>
<tr>
<td title='testNGdemo.TestScenario8.second_testcase()'><b>second_testcase</b><br>Test class: testNGdemo.TestScenario8</td>
<td></td>
<td>0</td>
<td>testNGdemo.TestScenario8@46fa7c39</td></tr>
<tr>
<td title='testNGdemo.TestScenario8.third_testcase()'><b>third_testcase</b><br>Test class: testNGdemo.TestScenario8</td>
<td></td>
<td>0</td>
<td>testNGdemo.TestScenario8@46fa7c39</td></tr>
<tr>
<td title='testNGdemo.TestScenario9.forth_testcase()'><b>forth_testcase</b><br>Test class: testNGdemo.TestScenario9</td>
<td></td>
<td>0</td>
<td>testNGdemo.TestScenario9@53aad5d5</td></tr>
<tr>
<td title='testNGdemo.TestScenario10.forth_testcase()'><b>forth_testcase</b><br>Test class: testNGdemo.TestScenario10</td>
<td></td>
<td>0</td>
<td>testNGdemo.TestScenario10@1fb700ee</td></tr>
<tr>
<td title='testNGdemo.TestScenario9.fifth_testcase()'><b>fifth_testcase</b><br>Test class: testNGdemo.TestScenario9</td>
<td></td>
<td>0</td>
<td>testNGdemo.TestScenario9@53aad5d5</td></tr>
<tr>
<td title='testNGdemo.TestScenario9.second_testcase()'><b>second_testcase</b><br>Test class: testNGdemo.TestScenario9</td>
<td></td>
<td>0</td>
<td>testNGdemo.TestScenario9@53aad5d5</td></tr>
<tr>
<td title='testNGdemo.TestScenario8.forth_testcase()'><b>forth_testcase</b><br>Test class: testNGdemo.TestScenario8</td>
<td></td>
<td>0</td>
<td>testNGdemo.TestScenario8@46fa7c39</td></tr>
<tr>
<td title='testNGdemo.TestScenario7.third_testcase()'><b>third_testcase</b><br>Test class: testNGdemo.TestScenario7</td>
<td></td>
<td>0</td>
<td>testNGdemo.TestScenario7@1356d4d4</td></tr>
<tr>
<td title='testNGdemo.TestScenario4.forth_testcase()'><b>forth_testcase</b><br>Test class: testNGdemo.TestScenario4</td>
<td></td>
<td>0</td>
<td>testNGdemo.TestScenario4@41c2284a</td></tr>
<tr>
<td title='testNGdemo.TestScenario5.third_testcase()'><b>third_testcase</b><br>Test class: testNGdemo.TestScenario5</td>
<td></td>
<td>0</td>
<td>testNGdemo.TestScenario5@6497b078</td></tr>
<tr>
<td title='testNGdemo.TestScenario.fifth_testcase()'><b>fifth_testcase</b><br>Test class: testNGdemo.TestScenario</td>
<td></td>
<td>0</td>
<td>testNGdemo.TestScenario@1329eff</td></tr>
<tr>
<td title='testNGdemo.TestScenario10.fifth_testcase()'><b>fifth_testcase</b><br>Test class: testNGdemo.TestScenario10</td>
<td></td>
<td>0</td>
<td>testNGdemo.TestScenario10@1fb700ee</td></tr>
<tr>
<td title='testNGdemo.TestScenario9.first_testcase()'><b>first_testcase</b><br>Test class: testNGdemo.TestScenario9</td>
<td></td>
<td>0</td>
<td>testNGdemo.TestScenario9@53aad5d5</td></tr>
<tr>
<td title='testNGdemo.TestScenario6.sixth_testcase()'><b>sixth_testcase</b><br>Test class: testNGdemo.TestScenario6</td>
<td></td>
<td>0</td>
<td>testNGdemo.TestScenario6@c03cf28</td></tr>
<tr>
<td title='testNGdemo.TestScenario9.third_testcase()'><b>third_testcase</b><br>Test class: testNGdemo.TestScenario9</td>
<td></td>
<td>0</td>
<td>testNGdemo.TestScenario9@53aad5d5</td></tr>
<tr>
<td title='testNGdemo.TestScenario8.fifth_testcase()'><b>fifth_testcase</b><br>Test class: testNGdemo.TestScenario8</td>
<td></td>
<td>0</td>
<td>testNGdemo.TestScenario8@46fa7c39</td></tr>
<tr>
<td title='testNGdemo.TestScenario10.sixth_testcase()'><b>sixth_testcase</b><br>Test class: testNGdemo.TestScenario10</td>
<td></td>
<td>0</td>
<td>testNGdemo.TestScenario10@1fb700ee</td></tr>
<tr>
<td title='testNGdemo.TestScenario9.sixth_testcase()'><b>sixth_testcase</b><br>Test class: testNGdemo.TestScenario9</td>
<td></td>
<td>0</td>
<td>testNGdemo.TestScenario9@53aad5d5</td></tr>
<tr>
<td title='testNGdemo.TestScenario4.second_testcase()'><b>second_testcase</b><br>Test class: testNGdemo.TestScenario4</td>
<td></td>
<td>0</td>
<td>testNGdemo.TestScenario4@41c2284a</td></tr>
<tr>
<td title='testNGdemo.TestScenario8.first_testcase()'><b>first_testcase</b><br>Test class: testNGdemo.TestScenario8</td>
<td></td>
<td>0</td>
<td>testNGdemo.TestScenario8@46fa7c39</td></tr>
<tr>
<td title='testNGdemo.TestScenario5.sixth_testcase()'><b>sixth_testcase</b><br>Test class: testNGdemo.TestScenario5</td>
<td></td>
<td>0</td>
<td>testNGdemo.TestScenario5@6497b078</td></tr>
<tr>
<td title='testNGdemo.TestScenario7.first_testcase()'><b>first_testcase</b><br>Test class: testNGdemo.TestScenario7</td>
<td></td>
<td>0</td>
<td>testNGdemo.TestScenario7@1356d4d4</td></tr>
<tr>
<td title='testNGdemo.TestScenario10.second_testcase()'><b>second_testcase</b><br>Test class: testNGdemo.TestScenario10</td>
<td></td>
<td>0</td>
<td>testNGdemo.TestScenario10@1fb700ee</td></tr>
<tr>
<td title='testNGdemo.TestScenario6.second_testcase()'><b>second_testcase</b><br>Test class: testNGdemo.TestScenario6</td>
<td></td>
<td>0</td>
<td>testNGdemo.TestScenario6@c03cf28</td></tr>
<tr>
<td title='testNGdemo.TestScenario3.sixth_testcase()'><b>sixth_testcase</b><br>Test class: testNGdemo.TestScenario3</td>
<td></td>
<td>0</td>
<td>testNGdemo.TestScenario3@6bf0219d</td></tr>
<tr>
<td title='testNGdemo.TestScenario6.fifth_testcase()'><b>fifth_testcase</b><br>Test class: testNGdemo.TestScenario6</td>
<td></td>
<td>0</td>
<td>testNGdemo.TestScenario6@c03cf28</td></tr>
</table><p>
<table width='100%' border='1' class='invocation-skipped'>
<tr><td colspan='4' align='center'><b>SKIPPED TESTS</b></td></tr>
<tr><td><b>Test method</b></td>
<td><b>Attribute(s)</b></td>
<td width="30%"><b>Exception</b></td>
<td width="10%"><b>Time (seconds)</b></td>
<td><b>Instance</b></td>
</tr>
<tr>
<td title='testNGdemo.TestScenario2.forth_testcase()'><b>forth_testcase</b><br>Test class: testNGdemo.TestScenario2</td>
<td><div><pre>java.lang.Throwable: Method testNGdemo.TestScenario2.forth_testcase() on instance testNGdemo.TestScenario2@55f616cf depends on not successfully finished methods 
[testNGdemo.TestScenario2.third_testcase() on instance testNGdemo.TestScenario2@55f616cf]
	at java.base/java.util.ArrayList.forEach(ArrayList.java:1596)
... Removed 18 stack frames</pre></div><a href='#' onClick='toggleBox("stack-trace1967355409", this, "Click to show all stack frames", "Click to hide stack frames")'>Click to show all stack frames</a>
<div class='stack-trace' id='stack-trace1967355409'><pre>java.lang.Throwable: Method testNGdemo.TestScenario2.forth_testcase() on instance testNGdemo.TestScenario2@55f616cf depends on not successfully finished methods 
[testNGdemo.TestScenario2.third_testcase() on instance testNGdemo.TestScenario2@55f616cf]
	at org.testng.internal.invokers.TestInvoker.invokeTestMethods(TestInvoker.java:159)
	at org.testng.internal.invokers.TestMethodWorker.invokeTestMethods(TestMethodWorker.java:154)
	at org.testng.internal.invokers.TestMethodWorker.run(TestMethodWorker.java:134)
	at java.base/java.util.ArrayList.forEach(ArrayList.java:1596)
	at org.testng.TestRunner.privateRun(TestRunner.java:741)
	at org.testng.TestRunner.run(TestRunner.java:616)
	at org.testng.SuiteRunner.runTest(SuiteRunner.java:421)
	at org.testng.SuiteRunner.runSequentially(SuiteRunner.java:413)
	at org.testng.SuiteRunner.privateRun(SuiteRunner.java:373)
	at org.testng.SuiteRunner.run(SuiteRunner.java:312)
	at org.testng.SuiteRunnerWorker.runSuite(SuiteRunnerWorker.java:52)
	at org.testng.SuiteRunnerWorker.run(SuiteRunnerWorker.java:95)
	at org.testng.TestNG.runSuitesSequentially(TestNG.java:1274)
	at org.testng.TestNG.runSuitesLocally(TestNG.java:1208)
	at org.testng.TestNG.runSuites(TestNG.java:1112)
	at org.testng.TestNG.run(TestNG.java:1079)
	at org.testng.remote.AbstractRemoteTestNG.run(AbstractRemoteTestNG.java:115)
	at org.testng.remote.RemoteTestNG.initAndRun(RemoteTestNG.java:293)
	at org.testng.remote.RemoteTestNG.main(RemoteTestNG.java:91)
</pre></div></td>
<td>0</td>
<td>testNGdemo.TestScenario2@55f616cf</td></tr>
</table><p>
</body>
</html>