<?xml version="1.0" encoding="UTF-8"?>
<testng-results ignored="0" total="2" passed="2" failed="0" skipped="0">
  <reporter-output>
  </reporter-output>
  <suite started-at="2026-01-05T20:58:58 IST" name="Default suite" finished-at="2026-01-05T20:59:15 IST" duration-ms="17322">
    <groups>
    </groups>
    <test started-at="2026-01-05T20:58:58 IST" name="Default test" finished-at="2026-01-05T20:59:15 IST" duration-ms="17322">
      <class name="org.wipro.auto.saucedemo.testcases.SignupScenario_DDF">
        <test-method is-config="true" signature="launchBrowser()[pri:0, instance:org.wipro.auto.saucedemo.testcases.SignupScenario_DDF@3c41ed1d]" started-at="2026-01-05T20:58:58 IST" name="launchBrowser" finished-at="2026-01-05T20:59:02 IST" duration-ms="3406" status="PASS">
          <reporter-output>
          </reporter-output>
        </test-method> <!-- launchBrowser -->
        <test-method signature="tc01_validate_signup_successful_valid_data(java.lang.String,java.lang.String,java.lang.String,java.lang.String)[pri:0, instance:org.wipro.auto.saucedemo.testcases.SignupScenario_DDF@3c41ed1d]" started-at="2026-01-05T20:59:02 IST" name="tc01_validate_signup_successful_valid_data" data-provider="signup" finished-at="2026-01-05T20:59:06 IST" duration-ms="4635" status="PASS">
          <params>
            <param index="0">
              <value>
                <![CDATA[John]]>
              </value>
            </param>
            <param index="1">
              <value>
                <![CDATA[Leo]]>
              </value>
            </param>
            <param index="2">
              <value>
                <![CDATA[user1]]>
              </value>
            </param>
            <param index="3">
              <value>
                <![CDATA[pass1]]>
              </value>
            </param>
          </params>
          <reporter-output>
          </reporter-output>
        </test-method> <!-- tc01_validate_signup_successful_valid_data -->
        <test-method is-config="true" signature="closeBrowser()[pri:0, instance:org.wipro.auto.saucedemo.testcases.SignupScenario_DDF@3c41ed1d]" started-at="2026-01-05T20:59:06 IST" name="closeBrowser" finished-at="2026-01-05T20:59:06 IST" duration-ms="2" status="PASS">
          <reporter-output>
          </reporter-output>
        </test-method> <!-- closeBrowser -->
        <test-method is-config="true" signature="launchBrowser()[pri:0, instance:org.wipro.auto.saucedemo.testcases.SignupScenario_DDF@3c41ed1d]" started-at="2026-01-05T20:59:06 IST" name="launchBrowser" finished-at="2026-01-05T20:59:10 IST" duration-ms="3674" status="PASS">
          <reporter-output>
          </reporter-output>
        </test-method> <!-- launchBrowser -->
        <test-method signature="tc01_validate_signup_successful_valid_data(java.lang.String,java.lang.String,java.lang.String,java.lang.String)[pri:0, instance:org.wipro.auto.saucedemo.testcases.SignupScenario_DDF@3c41ed1d]" started-at="2026-01-05T20:59:10 IST" name="tc01_validate_signup_successful_valid_data" data-provider="signup" finished-at="2026-01-05T20:59:15 IST" duration-ms="5525" status="PASS">
          <params>
            <param index="0">
              <value>
                <![CDATA[David]]>
              </value>
            </param>
            <param index="1">
              <value>
                <![CDATA[Seo]]>
              </value>
            </param>
            <param index="2">
              <value>
                <![CDATA[user2]]>
              </value>
            </param>
            <param index="3">
              <value>
                <![CDATA[pass2]]>
              </value>
            </param>
          </params>
          <reporter-output>
          </reporter-output>
        </test-method> <!-- tc01_validate_signup_successful_valid_data -->
        <test-method is-config="true" signature="closeBrowser()[pri:0, instance:org.wipro.auto.saucedemo.testcases.SignupScenario_DDF@3c41ed1d]" started-at="2026-01-05T20:59:15 IST" name="closeBrowser" finished-at="2026-01-05T20:59:15 IST" duration-ms="1" status="PASS">
          <reporter-output>
          </reporter-output>
        </test-method> <!-- closeBrowser -->
      </class> <!-- org.wipro.auto.saucedemo.testcases.SignupScenario_DDF -->
    </test> <!-- Default test -->
  </suite> <!-- Default suite -->
</testng-results>
