<?xml version="1.0" encoding="UTF-8"?>
<testng-results ignored="0" total="1" passed="1" failed="0" skipped="0">
  <reporter-output>
  </reporter-output>
  <suite started-at="2026-01-06T20:42:50 IST" name="Default suite" finished-at="2026-01-06T20:44:07 IST" duration-ms="76280">
    <groups>
    </groups>
    <test started-at="2026-01-06T20:42:50 IST" name="Default test" finished-at="2026-01-06T20:44:07 IST" duration-ms="76280">
      <class name="org.wipro.auto.saucedemo.testcases.ProductSearchScenario">
        <test-method is-config="true" signature="launchBrowser()[pri:0, instance:org.wipro.auto.saucedemo.testcases.ProductSearchScenario@3c41ed1d]" started-at="2026-01-06T20:42:50 IST" name="launchBrowser" finished-at="2026-01-06T20:44:01 IST" duration-ms="70337" status="PASS">
          <reporter-output>
          </reporter-output>
        </test-method> <!-- launchBrowser -->
        <test-method signature="Test_Case_9_Search_Product()[pri:0, instance:org.wipro.auto.saucedemo.testcases.ProductSearchScenario@3c41ed1d]" started-at="2026-01-06T20:44:01 IST" name="Test_Case_9_Search_Product" finished-at="2026-01-06T20:44:07 IST" duration-ms="5883" status="PASS">
          <reporter-output>
          </reporter-output>
        </test-method> <!-- Test_Case_9_Search_Product -->
        <test-method is-config="true" signature="closeBrowser()[pri:0, instance:org.wipro.auto.saucedemo.testcases.ProductSearchScenario@3c41ed1d]" started-at="2026-01-06T20:44:07 IST" name="closeBrowser" finished-at="2026-01-06T20:44:07 IST" duration-ms="1" status="PASS">
          <reporter-output>
          </reporter-output>
        </test-method> <!-- closeBrowser -->
      </class> <!-- org.wipro.auto.saucedemo.testcases.ProductSearchScenario -->
    </test> <!-- Default test -->
  </suite> <!-- Default suite -->
</testng-results>
