<?xml version="1.0" encoding="UTF-8"?>
<!-- Generated by org.testng.reporters.JUnitReportReporter -->
<testsuite hostname="DESKTOP-DJ4FDME" failures="0" tests="6" name="testNGdemo.TestScenario9" time="0.007" errors="0" timestamp="2025-12-23T20:49:39 IST" skipped="0">
  <testcase classname="testNGdemo.TestScenario9" name="first_testcase" time="0.001"/>
  <testcase classname="testNGdemo.TestScenario9" name="forth_testcase" time="0.001"/>
  <testcase classname="testNGdemo.TestScenario9" name="fifth_testcase" time="0.001"/>
  <testcase classname="testNGdemo.TestScenario9" name="second_testcase" time="0.001"/>
  <testcase classname="testNGdemo.TestScenario9" name="third_testcase" time="0.001"/>
  <testcase classname="testNGdemo.TestScenario9" name="sixth_testcase" time="0.002"/>
</testsuite> <!-- testNGdemo.TestScenario9 -->
