<?xml version="1.0" encoding="UTF-8"?>
<!-- Generated by org.testng.reporters.JUnitReportReporter -->
<testsuite hostname="DESKTOP-DJ4FDME" failures="0" tests="2" name="org.wipro.auto.saucedemo.testcases.SignupScenario_DDF" time="17.243" errors="0" timestamp="2026-01-05T20:59:16 IST" skipped="0">
  <testcase classname="org.wipro.auto.saucedemo.testcases.SignupScenario_DDF" name="tc01_validate_signup_successful_valid_data" time="8.310"/>
  <testcase classname="org.wipro.auto.saucedemo.testcases.SignupScenario_DDF" name="tc01_validate_signup_successful_valid_data" time="8.933"/>
</testsuite> <!-- org.wipro.auto.saucedemo.testcases.SignupScenario_DDF -->
