<?xml version="1.0" encoding="UTF-8"?>
<!-- Generated by org.testng.reporters.JUnitReportReporter -->
<testsuite hostname="DESKTOP-DJ4FDME" failures="0" tests="3" name="org.wipro.auto.saucedemo.testcases.LoginScenario_DDF" time="12.041" errors="0" timestamp="2026-01-05T20:55:54 IST" skipped="0">
  <testcase classname="org.wipro.auto.saucedemo.testcases.LoginScenario_DDF" name="tc01_validate_login_successful_valid_credential" time="3.372"/>
  <testcase classname="org.wipro.auto.saucedemo.testcases.LoginScenario_DDF" name="tc01_validate_login_successful_valid_credential" time="3.437"/>
  <testcase classname="org.wipro.auto.saucedemo.testcases.LoginScenario_DDF" name="tc01_validate_login_successful_valid_credential" time="5.232"/>
</testsuite> <!-- org.wipro.auto.saucedemo.testcases.LoginScenario_DDF -->
