<?xml version="1.0" encoding="UTF-8"?>
<!-- Generated by org.testng.reporters.JUnitReportReporter -->
<testsuite hostname="DESKTOP-DJ4FDME" failures="0" tests="1" name="org.wipro.auto.saucedemo.testcases.ProductSearchScenario" time="76.221" errors="0" timestamp="2026-01-06T20:44:07 IST" skipped="0">
  <testcase classname="org.wipro.auto.saucedemo.testcases.ProductSearchScenario" name="Test_Case_9_Search_Product" time="76.221"/>
</testsuite> <!-- org.wipro.auto.saucedemo.testcases.ProductSearchScenario -->
