<?xml version="1.0" encoding="UTF-8"?>
<!-- Generated by org.testng.reporters.JUnitReportReporter -->
<testsuite hostname="DESKTOP-DJ4FDME" failures="0" tests="1" name="org.wipro.auto.saucedemo.testcases.LoginScenario" time="2.530" errors="0" timestamp="2025-12-30T20:50:01 IST" skipped="0">
  <testcase classname="org.wipro.auto.saucedemo.testcases.LoginScenario" name="tc01_validate_login_successful_valid_credential" time="2.530"/>
</testsuite> <!-- org.wipro.auto.saucedemo.testcases.LoginScenario -->
