<?xml version="1.0" encoding="UTF-8"?>
<!-- Generated by org.testng.reporters.JUnitReportReporter -->
<testsuite hostname="DESKTOP-DJ4FDME" failures="0" tests="3" name="org.xyz.automation.sd.CalendarDemo" time="20.506" errors="0" timestamp="2025-12-10T20:59:11 IST" skipped="2">
  <testcase classname="org.xyz.automation.sd.CalendarDemo" name="icon_calendar1" time="20.506"/>
  <testcase classname="org.xyz.automation.sd.CalendarDemo" name="text_calendar">
    <skipped/>
  </testcase> <!-- text_calendar -->
  <testcase classname="org.xyz.automation.sd.CalendarDemo" name="icon_calendar">
    <skipped/>
  </testcase> <!-- icon_calendar -->
</testsuite> <!-- org.xyz.automation.sd.CalendarDemo -->
