<?xml version="1.0" encoding="UTF-8"?>
<!-- Generated by org.testng.reporters.JUnitReportReporter -->
<testsuite hostname="DESKTOP-DJ4FDME" failures="0" tests="4" name="org.xyz.automation.sd.KeyboardMouse" time="15.685" errors="0" timestamp="2025-12-23T20:49:39 IST" skipped="2">
  <testcase classname="org.xyz.automation.sd.KeyboardMouse" name="handleFrames" time="7.188"/>
  <testcase classname="org.xyz.automation.sd.KeyboardMouse" name="handleAlerts" time="8.497"/>
  <testcase classname="org.xyz.automation.sd.KeyboardMouse" name="handlemouse">
    <skipped/>
  </testcase> <!-- handlemouse -->
  <testcase classname="org.xyz.automation.sd.KeyboardMouse" name="handleKeyboard">
    <skipped/>
  </testcase> <!-- handleKeyboard -->
</testsuite> <!-- org.xyz.automation.sd.KeyboardMouse -->
