<?xml version="1.0" encoding="UTF-8"?>
<!-- Generated by org.testng.reporters.JUnitReportReporter -->
<testsuite hostname="DESKTOP-DJ4FDME" failures="0" tests="1" name="org.wipro.auto.saucedemo.testcases.SignupScenario" time="8.732" errors="0" timestamp="2026-01-05T20:34:35 IST" skipped="0">
  <testcase classname="org.wipro.auto.saucedemo.testcases.SignupScenario" name="tc01_validate_signup_successful_valid_data" time="8.732"/>
</testsuite> <!-- org.wipro.auto.saucedemo.testcases.SignupScenario -->
