<?xml version="1.0" encoding="UTF-8"?>
<!-- Generated by org.testng.reporters.JUnitReportReporter -->
<testsuite hostname="DESKTOP-DJ4FDME" failures="0" tests="2" name="org.xyz.automation.sd.FirstAutomationScript" time="4.339" errors="0" timestamp="2025-12-08T20:56:52 IST" skipped="0">
  <testcase classname="org.xyz.automation.sd.FirstAutomationScript" name="validate_valid_loginPage" time="2.385"/>
  <testcase classname="org.xyz.automation.sd.FirstAutomationScript" name="validate_invalid_loginPage" time="1.954"/>
</testsuite> <!-- org.xyz.automation.sd.FirstAutomationScript -->
